The system is: Darwin - 15.3.0 - x86_64
Compiling the C compiler identification source file "CMakeCCompilerId.c" succeeded.
Compiler: /Applications/Xcode.app/Contents/Developer/Toolchains/XcodeDefault.xctoolchain/usr/bin/cc 
Build flags: 
Id flags: 

The output was:
0


Compilation of the C compiler identification source "CMakeCCompilerId.c" produced "a.out"

The C compiler identification is AppleClang, found in "/nfs/zfs-student-2/users/jpiniau/rush_casse/glfw/CMakeFiles/3.4.3/CompilerIdC/a.out"

Determining if the C compiler works passed with the following output:
Change Dir: /nfs/zfs-student-2/users/jpiniau/rush_casse/glfw/CMakeFiles/CMakeTmp

Run Build Command:"/usr/bin/make" "cmTC_f884a/fast"
/Applications/Xcode.app/Contents/Developer/usr/bin/make -f CMakeFiles/cmTC_f884a.dir/build.make CMakeFiles/cmTC_f884a.dir/build
Building C object CMakeFiles/cmTC_f884a.dir/testCCompiler.c.o
/Applications/Xcode.app/Contents/Developer/Toolchains/XcodeDefault.xctoolchain/usr/bin/cc     -o CMakeFiles/cmTC_f884a.dir/testCCompiler.c.o   -c /nfs/zfs-student-2/users/jpiniau/rush_casse/glfw/CMakeFiles/CMakeTmp/testCCompiler.c
Linking C executable cmTC_f884a
/nfs/zfs-student-2/users/jpiniau/.brew/Cellar/cmake/3.4.3/bin/cmake -E cmake_link_script CMakeFiles/cmTC_f884a.dir/link.txt --verbose=1
/Applications/Xcode.app/Contents/Developer/Toolchains/XcodeDefault.xctoolchain/usr/bin/cc    -Wl,-search_paths_first -Wl,-headerpad_max_install_names   CMakeFiles/cmTC_f884a.dir/testCCompiler.c.o  -o cmTC_f884a  


Detecting C compiler ABI info compiled with the following output:
Change Dir: /nfs/zfs-student-2/users/jpiniau/rush_casse/glfw/CMakeFiles/CMakeTmp

Run Build Command:"/usr/bin/make" "cmTC_13358/fast"
/Applications/Xcode.app/Contents/Developer/usr/bin/make -f CMakeFiles/cmTC_13358.dir/build.make CMakeFiles/cmTC_13358.dir/build
Building C object CMakeFiles/cmTC_13358.dir/CMakeCCompilerABI.c.o
/Applications/Xcode.app/Contents/Developer/Toolchains/XcodeDefault.xctoolchain/usr/bin/cc     -o CMakeFiles/cmTC_13358.dir/CMakeCCompilerABI.c.o   -c /nfs/zfs-student-2/users/jpiniau/.brew/Cellar/cmake/3.4.3/share/cmake/Modules/CMakeCCompilerABI.c
Linking C executable cmTC_13358
/nfs/zfs-student-2/users/jpiniau/.brew/Cellar/cmake/3.4.3/bin/cmake -E cmake_link_script CMakeFiles/cmTC_13358.dir/link.txt --verbose=1
/Applications/Xcode.app/Contents/Developer/Toolchains/XcodeDefault.xctoolchain/usr/bin/cc    -Wl,-search_paths_first -Wl,-headerpad_max_install_names  -v -Wl,-v CMakeFiles/cmTC_13358.dir/CMakeCCompilerABI.c.o  -o cmTC_13358   
Apple LLVM version 7.0.2 (clang-700.1.81)
Target: x86_64-apple-darwin15.3.0
Thread model: posix
 "/Applications/Xcode.app/Contents/Developer/Toolchains/XcodeDefault.xctoolchain/usr/bin/ld" -demangle -dynamic -arch x86_64 -macosx_version_min 10.11.0 -o cmTC_13358 -search_paths_first -headerpad_max_install_names -v CMakeFiles/cmTC_13358.dir/CMakeCCompilerABI.c.o -lSystem /Applications/Xcode.app/Contents/Developer/Toolchains/XcodeDefault.xctoolchain/usr/bin/../lib/clang/7.0.2/lib/darwin/libclang_rt.osx.a
@(#)PROGRAM:ld  PROJECT:ld64-253.9
configured to support archs: armv6 armv7 armv7s arm64 i386 x86_64 x86_64h armv6m armv7k armv7m armv7em (tvOS)
Library search paths:
	/usr/lib
	/usr/local/lib
Framework search paths:
	/Library/Frameworks/
	/System/Library/Frameworks/


Parsed C implicit link information from above output:
  link line regex: [^( *|.*[/\])(ld|([^/\]+-)?ld|collect2)[^/\]*( |$)]
  ignore line: [Change Dir: /nfs/zfs-student-2/users/jpiniau/rush_casse/glfw/CMakeFiles/CMakeTmp]
  ignore line: []
  ignore line: [Run Build Command:"/usr/bin/make" "cmTC_13358/fast"]
  ignore line: [/Applications/Xcode.app/Contents/Developer/usr/bin/make -f CMakeFiles/cmTC_13358.dir/build.make CMakeFiles/cmTC_13358.dir/build]
  ignore line: [Building C object CMakeFiles/cmTC_13358.dir/CMakeCCompilerABI.c.o]
  ignore line: [/Applications/Xcode.app/Contents/Developer/Toolchains/XcodeDefault.xctoolchain/usr/bin/cc     -o CMakeFiles/cmTC_13358.dir/CMakeCCompilerABI.c.o   -c /nfs/zfs-student-2/users/jpiniau/.brew/Cellar/cmake/3.4.3/share/cmake/Modules/CMakeCCompilerABI.c]
  ignore line: [Linking C executable cmTC_13358]
  ignore line: [/nfs/zfs-student-2/users/jpiniau/.brew/Cellar/cmake/3.4.3/bin/cmake -E cmake_link_script CMakeFiles/cmTC_13358.dir/link.txt --verbose=1]
  ignore line: [/Applications/Xcode.app/Contents/Developer/Toolchains/XcodeDefault.xctoolchain/usr/bin/cc    -Wl,-search_paths_first -Wl,-headerpad_max_install_names  -v -Wl,-v CMakeFiles/cmTC_13358.dir/CMakeCCompilerABI.c.o  -o cmTC_13358   ]
  ignore line: [Apple LLVM version 7.0.2 (clang-700.1.81)]
  ignore line: [Target: x86_64-apple-darwin15.3.0]
  ignore line: [Thread model: posix]
  link line: [ "/Applications/Xcode.app/Contents/Developer/Toolchains/XcodeDefault.xctoolchain/usr/bin/ld" -demangle -dynamic -arch x86_64 -macosx_version_min 10.11.0 -o cmTC_13358 -search_paths_first -headerpad_max_install_names -v CMakeFiles/cmTC_13358.dir/CMakeCCompilerABI.c.o -lSystem /Applications/Xcode.app/Contents/Developer/Toolchains/XcodeDefault.xctoolchain/usr/bin/../lib/clang/7.0.2/lib/darwin/libclang_rt.osx.a]
    arg [/Applications/Xcode.app/Contents/Developer/Toolchains/XcodeDefault.xctoolchain/usr/bin/ld] ==> ignore
    arg [-demangle] ==> ignore
    arg [-dynamic] ==> ignore
    arg [-arch] ==> ignore
    arg [x86_64] ==> ignore
    arg [-macosx_version_min] ==> ignore
    arg [10.11.0] ==> ignore
    arg [-o] ==> ignore
    arg [cmTC_13358] ==> ignore
    arg [-search_paths_first] ==> ignore
    arg [-headerpad_max_install_names] ==> ignore
    arg [-v] ==> ignore
    arg [CMakeFiles/cmTC_13358.dir/CMakeCCompilerABI.c.o] ==> ignore
    arg [-lSystem] ==> lib [System]
    arg [/Applications/Xcode.app/Contents/Developer/Toolchains/XcodeDefault.xctoolchain/usr/bin/../lib/clang/7.0.2/lib/darwin/libclang_rt.osx.a] ==> lib [/Applications/Xcode.app/Contents/Developer/Toolchains/XcodeDefault.xctoolchain/usr/bin/../lib/clang/7.0.2/lib/darwin/libclang_rt.osx.a]
  Library search paths: [;/usr/lib;/usr/local/lib]
  Framework search paths: [;/Library/Frameworks/;/System/Library/Frameworks/]
  remove lib [System]
  collapse lib [/Applications/Xcode.app/Contents/Developer/Toolchains/XcodeDefault.xctoolchain/usr/bin/../lib/clang/7.0.2/lib/darwin/libclang_rt.osx.a] ==> [/Applications/Xcode.app/Contents/Developer/Toolchains/XcodeDefault.xctoolchain/usr/lib/clang/7.0.2/lib/darwin/libclang_rt.osx.a]
  collapse library dir [/usr/lib] ==> [/usr/lib]
  collapse library dir [/usr/local/lib] ==> [/usr/local/lib]
  collapse framework dir [/Library/Frameworks/] ==> [/Library/Frameworks]
  collapse framework dir [/System/Library/Frameworks/] ==> [/System/Library/Frameworks]
  implicit libs: [/Applications/Xcode.app/Contents/Developer/Toolchains/XcodeDefault.xctoolchain/usr/lib/clang/7.0.2/lib/darwin/libclang_rt.osx.a]
  implicit dirs: [/usr/lib;/usr/local/lib]
  implicit fwks: [/Library/Frameworks;/System/Library/Frameworks]




Detecting C [-std=c11] compiler features compiled with the following output:
Change Dir: /nfs/zfs-student-2/users/jpiniau/rush_casse/glfw/CMakeFiles/CMakeTmp

Run Build Command:"/usr/bin/make" "cmTC_90be9/fast"
/Applications/Xcode.app/Contents/Developer/usr/bin/make -f CMakeFiles/cmTC_90be9.dir/build.make CMakeFiles/cmTC_90be9.dir/build
Building C object CMakeFiles/cmTC_90be9.dir/feature_tests.c.o
/Applications/Xcode.app/Contents/Developer/Toolchains/XcodeDefault.xctoolchain/usr/bin/cc    -std=c11 -o CMakeFiles/cmTC_90be9.dir/feature_tests.c.o   -c /nfs/zfs-student-2/users/jpiniau/rush_casse/glfw/CMakeFiles/feature_tests.c
Linking C executable cmTC_90be9
/nfs/zfs-student-2/users/jpiniau/.brew/Cellar/cmake/3.4.3/bin/cmake -E cmake_link_script CMakeFiles/cmTC_90be9.dir/link.txt --verbose=1
/Applications/Xcode.app/Contents/Developer/Toolchains/XcodeDefault.xctoolchain/usr/bin/cc    -Wl,-search_paths_first -Wl,-headerpad_max_install_names   CMakeFiles/cmTC_90be9.dir/feature_tests.c.o  -o cmTC_90be9  


    Feature record: C_FEATURE:1c_function_prototypes
    Feature record: C_FEATURE:1c_restrict
    Feature record: C_FEATURE:1c_static_assert
    Feature record: C_FEATURE:1c_variadic_macros


Detecting C [-std=c99] compiler features compiled with the following output:
Change Dir: /nfs/zfs-student-2/users/jpiniau/rush_casse/glfw/CMakeFiles/CMakeTmp

Run Build Command:"/usr/bin/make" "cmTC_086cd/fast"
/Applications/Xcode.app/Contents/Developer/usr/bin/make -f CMakeFiles/cmTC_086cd.dir/build.make CMakeFiles/cmTC_086cd.dir/build
Building C object CMakeFiles/cmTC_086cd.dir/feature_tests.c.o
/Applications/Xcode.app/Contents/Developer/Toolchains/XcodeDefault.xctoolchain/usr/bin/cc    -std=c99 -o CMakeFiles/cmTC_086cd.dir/feature_tests.c.o   -c /nfs/zfs-student-2/users/jpiniau/rush_casse/glfw/CMakeFiles/feature_tests.c
Linking C executable cmTC_086cd
/nfs/zfs-student-2/users/jpiniau/.brew/Cellar/cmake/3.4.3/bin/cmake -E cmake_link_script CMakeFiles/cmTC_086cd.dir/link.txt --verbose=1
/Applications/Xcode.app/Contents/Developer/Toolchains/XcodeDefault.xctoolchain/usr/bin/cc    -Wl,-search_paths_first -Wl,-headerpad_max_install_names   CMakeFiles/cmTC_086cd.dir/feature_tests.c.o  -o cmTC_086cd  


    Feature record: C_FEATURE:1c_function_prototypes
    Feature record: C_FEATURE:1c_restrict
    Feature record: C_FEATURE:0c_static_assert
    Feature record: C_FEATURE:1c_variadic_macros


Detecting C [-std=c90] compiler features compiled with the following output:
Change Dir: /nfs/zfs-student-2/users/jpiniau/rush_casse/glfw/CMakeFiles/CMakeTmp

Run Build Command:"/usr/bin/make" "cmTC_ca71a/fast"
/Applications/Xcode.app/Contents/Developer/usr/bin/make -f CMakeFiles/cmTC_ca71a.dir/build.make CMakeFiles/cmTC_ca71a.dir/build
Building C object CMakeFiles/cmTC_ca71a.dir/feature_tests.c.o
/Applications/Xcode.app/Contents/Developer/Toolchains/XcodeDefault.xctoolchain/usr/bin/cc    -std=c90 -o CMakeFiles/cmTC_ca71a.dir/feature_tests.c.o   -c /nfs/zfs-student-2/users/jpiniau/rush_casse/glfw/CMakeFiles/feature_tests.c
Linking C executable cmTC_ca71a
/nfs/zfs-student-2/users/jpiniau/.brew/Cellar/cmake/3.4.3/bin/cmake -E cmake_link_script CMakeFiles/cmTC_ca71a.dir/link.txt --verbose=1
/Applications/Xcode.app/Contents/Developer/Toolchains/XcodeDefault.xctoolchain/usr/bin/cc    -Wl,-search_paths_first -Wl,-headerpad_max_install_names   CMakeFiles/cmTC_ca71a.dir/feature_tests.c.o  -o cmTC_ca71a  


    Feature record: C_FEATURE:1c_function_prototypes
    Feature record: C_FEATURE:0c_restrict
    Feature record: C_FEATURE:0c_static_assert
    Feature record: C_FEATURE:0c_variadic_macros
Determining if the include file pthread.h exists passed with the following output:
Change Dir: /nfs/zfs-student-2/users/jpiniau/rush_casse/glfw/CMakeFiles/CMakeTmp

Run Build Command:"/usr/bin/make" "cmTC_edee8/fast"
/Applications/Xcode.app/Contents/Developer/usr/bin/make -f CMakeFiles/cmTC_edee8.dir/build.make CMakeFiles/cmTC_edee8.dir/build
Building C object CMakeFiles/cmTC_edee8.dir/CheckIncludeFile.c.o
/Applications/Xcode.app/Contents/Developer/Toolchains/XcodeDefault.xctoolchain/usr/bin/cc     -o CMakeFiles/cmTC_edee8.dir/CheckIncludeFile.c.o   -c /nfs/zfs-student-2/users/jpiniau/rush_casse/glfw/CMakeFiles/CMakeTmp/CheckIncludeFile.c
Linking C executable cmTC_edee8
/nfs/zfs-student-2/users/jpiniau/.brew/Cellar/cmake/3.4.3/bin/cmake -E cmake_link_script CMakeFiles/cmTC_edee8.dir/link.txt --verbose=1
/Applications/Xcode.app/Contents/Developer/Toolchains/XcodeDefault.xctoolchain/usr/bin/cc    -Wl,-search_paths_first -Wl,-headerpad_max_install_names   CMakeFiles/cmTC_edee8.dir/CheckIncludeFile.c.o  -o cmTC_edee8  


Determining if the pthread_create exist passed with the following output:
Change Dir: /nfs/zfs-student-2/users/jpiniau/rush_casse/glfw/CMakeFiles/CMakeTmp

Run Build Command:"/usr/bin/make" "cmTC_87aed/fast"
/Applications/Xcode.app/Contents/Developer/usr/bin/make -f CMakeFiles/cmTC_87aed.dir/build.make CMakeFiles/cmTC_87aed.dir/build
Building C object CMakeFiles/cmTC_87aed.dir/CheckSymbolExists.c.o
/Applications/Xcode.app/Contents/Developer/Toolchains/XcodeDefault.xctoolchain/usr/bin/cc     -o CMakeFiles/cmTC_87aed.dir/CheckSymbolExists.c.o   -c /nfs/zfs-student-2/users/jpiniau/rush_casse/glfw/CMakeFiles/CMakeTmp/CheckSymbolExists.c
Linking C executable cmTC_87aed
/nfs/zfs-student-2/users/jpiniau/.brew/Cellar/cmake/3.4.3/bin/cmake -E cmake_link_script CMakeFiles/cmTC_87aed.dir/link.txt --verbose=1
/Applications/Xcode.app/Contents/Developer/Toolchains/XcodeDefault.xctoolchain/usr/bin/cc    -Wl,-search_paths_first -Wl,-headerpad_max_install_names   CMakeFiles/cmTC_87aed.dir/CheckSymbolExists.c.o  -o cmTC_87aed  

File /nfs/zfs-student-2/users/jpiniau/rush_casse/glfw/CMakeFiles/CMakeTmp/CheckSymbolExists.c:
/* */
#include <pthread.h>

int main(int argc, char** argv)
{
  (void)argv;
#ifndef pthread_create
  return ((int*)(&pthread_create))[argc];
#else
  (void)argc;
  return 0;
#endif
}

